c:\users\lejer\source\repos\bankapp\bankapp\generatedfiles\ui_bankapp.h
c:\users\lejer\source\repos\bankapp\bankapp\generatedfiles\ui_qtadminclass.h
c:\users\lejer\source\repos\bankapp\bankapp\generatedfiles\ui_qtadminunverifiedcreditsui.h
c:\users\lejer\source\repos\bankapp\bankapp\generatedfiles\ui_qtapprovedcreditsui.h
c:\users\lejer\source\repos\bankapp\bankapp\generatedfiles\ui_qtclientaskforcreditui.h
c:\users\lejer\source\repos\bankapp\bankapp\generatedfiles\ui_qtclientclass.h
c:\users\lejer\source\repos\bankapp\bankapp\generatedfiles\ui_qtdeletebaui.h
c:\users\lejer\source\repos\bankapp\bankapp\generatedfiles\ui_qtgenerateiban.h
c:\users\lejer\source\repos\bankapp\bankapp\generatedfiles\ui_qtgetinfoui.h
c:\users\lejer\source\repos\bankapp\bankapp\generatedfiles\ui_qtguiclassregister.h
c:\users\lejer\source\repos\bankapp\bankapp\generatedfiles\ui_qtmakepaymentui.h
c:\users\lejer\source\repos\bankapp\bankapp\generatedfiles\ui_qttransactionshistoryui.h
c:\users\lejer\source\repos\bankapp\bankapp\generatedfiles\qrc_bankapp.cpp
c:\users\lejer\source\repos\bankapp\bankapp\generatedfiles\debug\moc_bankapp.cpp
c:\users\lejer\source\repos\bankapp\bankapp\generatedfiles\debug\moc_qtapprovedcreditsui.cpp
c:\users\lejer\source\repos\bankapp\bankapp\generatedfiles\debug\moc_qtgetinfoui.cpp
c:\users\lejer\source\repos\bankapp\bankapp\generatedfiles\debug\moc_qtadminunverifiedcreditsui.cpp
c:\users\lejer\source\repos\bankapp\bankapp\generatedfiles\debug\moc_qtclientaskforcreditui.cpp
c:\users\lejer\source\repos\bankapp\bankapp\generatedfiles\debug\moc_qttransactionshistoryui.cpp
c:\users\lejer\source\repos\bankapp\bankapp\generatedfiles\debug\moc_qtmakepaymentui.cpp
c:\users\lejer\source\repos\bankapp\bankapp\generatedfiles\debug\moc_qtdeletebaui.cpp
c:\users\lejer\source\repos\bankapp\bankapp\generatedfiles\debug\moc_datamodel.cpp
c:\users\lejer\source\repos\bankapp\bankapp\generatedfiles\debug\moc_qtgenerateiban.cpp
c:\users\lejer\source\repos\bankapp\bankapp\generatedfiles\debug\moc_qtclientclass.cpp
c:\users\lejer\source\repos\bankapp\bankapp\generatedfiles\debug\moc_qtguiclassregister.cpp
c:\users\lejer\source\repos\bankapp\bankapp\generatedfiles\debug\moc_qtadminclass.cpp
c:\users\lejer\source\repos\bankapp\bankapp\x64\debug\dbmanager.obj
c:\users\lejer\source\repos\bankapp\bankapp\x64\debug\qtdeletebaui.obj
c:\users\lejer\source\repos\bankapp\bankapp\x64\debug\moc_qtgetinfoui.obj
c:\users\lejer\source\repos\bankapp\bankapp\x64\debug\moc_qtguiclassregister.obj
c:\users\lejer\source\repos\bankapp\bankapp\x64\debug\account.obj
c:\users\lejer\source\repos\bankapp\bankapp\x64\debug\qtadminclass.obj
c:\users\lejer\source\repos\bankapp\bankapp\x64\debug\qttransactionshistoryui.obj
c:\users\lejer\source\repos\bankapp\bankapp\x64\debug\moc_qtdeletebaui.obj
c:\users\lejer\source\repos\bankapp\bankapp\x64\debug\adminaccount.obj
c:\users\lejer\source\repos\bankapp\bankapp\x64\debug\qtclientaskforcreditui.obj
c:\users\lejer\source\repos\bankapp\bankapp\x64\debug\qtmakepaymentui.obj
c:\users\lejer\source\repos\bankapp\bankapp\x64\debug\moc_qtmakepaymentui.obj
c:\users\lejer\source\repos\bankapp\bankapp\x64\debug\bankapp.obj
c:\users\lejer\source\repos\bankapp\bankapp\x64\debug\qtgenerateiban.obj
c:\users\lejer\source\repos\bankapp\bankapp\x64\debug\moc_qtadminunverifiedcreditsui.obj
c:\users\lejer\source\repos\bankapp\bankapp\x64\debug\main.obj
c:\users\lejer\source\repos\bankapp\bankapp\x64\debug\qtgetinfoui.obj
c:\users\lejer\source\repos\bankapp\bankapp\x64\debug\moc_qtclientaskforcreditui.obj
c:\users\lejer\source\repos\bankapp\bankapp\x64\debug\moc_qtadminclass.obj
c:\users\lejer\source\repos\bankapp\bankapp\x64\debug\datamodel.obj
c:\users\lejer\source\repos\bankapp\bankapp\x64\debug\qtclientclass.obj
c:\users\lejer\source\repos\bankapp\bankapp\x64\debug\moc_qtapprovedcreditsui.obj
c:\users\lejer\source\repos\bankapp\bankapp\x64\debug\moc_qtclientclass.obj
c:\users\lejer\source\repos\bankapp\bankapp\x64\debug\clientaccount.obj
c:\users\lejer\source\repos\bankapp\bankapp\x64\debug\qtadminunverifiedcreditsui.obj
c:\users\lejer\source\repos\bankapp\bankapp\x64\debug\qrc_bankapp.obj
c:\users\lejer\source\repos\bankapp\bankapp\x64\debug\moc_bankapp.obj
c:\users\lejer\source\repos\bankapp\bankapp\x64\debug\moc_datamodel.obj
c:\users\lejer\source\repos\bankapp\bankapp\x64\debug\moc_qtgenerateiban.obj
c:\users\lejer\source\repos\bankapp\bankapp\x64\debug\bankaccount.obj
c:\users\lejer\source\repos\bankapp\bankapp\x64\debug\qtapprovedcreditsui.obj
c:\users\lejer\source\repos\bankapp\bankapp\x64\debug\qtguiclassregister.obj
c:\users\lejer\source\repos\bankapp\bankapp\x64\debug\moc_qttransactionshistoryui.obj
c:\users\lejer\source\repos\bankapp\bankapp\x64\debug\vc141.pdb
c:\users\lejer\source\repos\bankapp\x64\debug\bankapp.ilk
c:\users\lejer\source\repos\bankapp\x64\debug\bankapp.exe
c:\users\lejer\source\repos\bankapp\x64\debug\bankapp.pdb
c:\users\lejer\source\repos\bankapp\bankapp\.\generatedfiles\debug\moc_bankapp.cpp
c:\users\lejer\source\repos\bankapp\bankapp\.\generatedfiles\debug\moc_qtapprovedcreditsui.cpp
c:\users\lejer\source\repos\bankapp\bankapp\.\generatedfiles\debug\moc_qtgetinfoui.cpp
c:\users\lejer\source\repos\bankapp\bankapp\.\generatedfiles\debug\moc_qtadminunverifiedcreditsui.cpp
c:\users\lejer\source\repos\bankapp\bankapp\.\generatedfiles\debug\moc_qtclientaskforcreditui.cpp
c:\users\lejer\source\repos\bankapp\bankapp\.\generatedfiles\debug\moc_qttransactionshistoryui.cpp
c:\users\lejer\source\repos\bankapp\bankapp\.\generatedfiles\debug\moc_qtmakepaymentui.cpp
c:\users\lejer\source\repos\bankapp\bankapp\.\generatedfiles\debug\moc_qtdeletebaui.cpp
c:\users\lejer\source\repos\bankapp\bankapp\.\generatedfiles\debug\moc_datamodel.cpp
c:\users\lejer\source\repos\bankapp\bankapp\.\generatedfiles\debug\moc_qtgenerateiban.cpp
c:\users\lejer\source\repos\bankapp\bankapp\.\generatedfiles\debug\moc_qtclientclass.cpp
c:\users\lejer\source\repos\bankapp\bankapp\.\generatedfiles\debug\moc_qtguiclassregister.cpp
c:\users\lejer\source\repos\bankapp\bankapp\.\generatedfiles\debug\moc_qtadminclass.cpp
c:\users\lejer\source\repos\bankapp\bankapp\.\generatedfiles\qrc_bankapp.cpp
c:\users\lejer\source\repos\bankapp\bankapp\.\generatedfiles\ui_bankapp.h
c:\users\lejer\source\repos\bankapp\bankapp\.\generatedfiles\ui_qtadminclass.h
c:\users\lejer\source\repos\bankapp\bankapp\.\generatedfiles\ui_qtadminunverifiedcreditsui.h
c:\users\lejer\source\repos\bankapp\bankapp\.\generatedfiles\ui_qtapprovedcreditsui.h
c:\users\lejer\source\repos\bankapp\bankapp\.\generatedfiles\ui_qtclientaskforcreditui.h
c:\users\lejer\source\repos\bankapp\bankapp\.\generatedfiles\ui_qtclientclass.h
c:\users\lejer\source\repos\bankapp\bankapp\.\generatedfiles\ui_qtdeletebaui.h
c:\users\lejer\source\repos\bankapp\bankapp\.\generatedfiles\ui_qtgenerateiban.h
c:\users\lejer\source\repos\bankapp\bankapp\.\generatedfiles\ui_qtgetinfoui.h
c:\users\lejer\source\repos\bankapp\bankapp\.\generatedfiles\ui_qtguiclassregister.h
c:\users\lejer\source\repos\bankapp\bankapp\.\generatedfiles\ui_qtmakepaymentui.h
c:\users\lejer\source\repos\bankapp\bankapp\.\generatedfiles\ui_qttransactionshistoryui.h
c:\users\lejer\source\repos\bankapp\bankapp\x64\debug\bankapp.tlog\bankapp.write.1u.tlog
c:\users\lejer\source\repos\bankapp\bankapp\x64\debug\bankapp.tlog\cl.10120.write.1.tlog
c:\users\lejer\source\repos\bankapp\bankapp\x64\debug\bankapp.tlog\cl.command.1.tlog
c:\users\lejer\source\repos\bankapp\bankapp\x64\debug\bankapp.tlog\cl.read.1.tlog
c:\users\lejer\source\repos\bankapp\bankapp\x64\debug\bankapp.tlog\link.command.1.tlog
c:\users\lejer\source\repos\bankapp\bankapp\x64\debug\bankapp.tlog\link.read.1.tlog
c:\users\lejer\source\repos\bankapp\bankapp\x64\debug\bankapp.tlog\link.write.1.tlog
c:\users\lejer\source\repos\bankapp\bankapp\x64\debug\bankapp.tlog\moc.read.1u.tlog
c:\users\lejer\source\repos\bankapp\bankapp\x64\debug\bankapp.tlog\moc.write.1u.tlog
c:\users\lejer\source\repos\bankapp\bankapp\x64\debug\bankapp.tlog\rcc.read.1u.tlog
c:\users\lejer\source\repos\bankapp\bankapp\x64\debug\bankapp.tlog\rcc.write.1u.tlog
c:\users\lejer\source\repos\bankapp\bankapp\x64\debug\bankapp.tlog\uic.read.1u.tlog
c:\users\lejer\source\repos\bankapp\bankapp\x64\debug\bankapp.tlog\uic.write.1u.tlog
